execve("./test", ["./test"], [/* 67 vars */]) = 0
brk(0)                                  = 0x602000
mmap(NULL, 4096, PROT_READ|PROT_WRITE, MAP_PRIVATE|MAP_ANONYMOUS, -1, 0) = 0x7ffff7ffb000
mmap(NULL, 4096, PROT_READ|PROT_WRITE, MAP_PRIVATE|MAP_ANONYMOUS, -1, 0) = 0x7ffff7ffa000
access("/etc/ld.so.preload", R_OK)      = -1 ENOENT (No such file or directory)
open("/c4shares/auto/tools/lib/mysql/tls/x86_64/libpthread.so.0", O_RDONLY) = -1 ENOENT (No such file or directory)
stat("/c4shares/auto/tools/lib/mysql/tls/x86_64", 0x7fffffffd490) = -1 ENOENT (No such file or directory)
open("/c4shares/auto/tools/lib/mysql/tls/libpthread.so.0", O_RDONLY) = -1 ENOENT (No such file or directory)
stat("/c4shares/auto/tools/lib/mysql/tls", 0x7fffffffd490) = -1 ENOENT (No such file or directory)
open("/c4shares/auto/tools/lib/mysql/x86_64/libpthread.so.0", O_RDONLY) = -1 ENOENT (No such file or directory)
stat("/c4shares/auto/tools/lib/mysql/x86_64", 0x7fffffffd490) = -1 ENOENT (No such file or directory)
open("/c4shares/auto/tools/lib/mysql/libpthread.so.0", O_RDONLY) = -1 ENOENT (No such file or directory)
stat("/c4shares/auto/tools/lib/mysql", {st_mode=S_IFDIR|0755, st_size=4096, ...}) = 0
open("tls/x86_64/libpthread.so.0", O_RDONLY) = -1 ENOENT (No such file or directory)
open("tls/libpthread.so.0", O_RDONLY)   = -1 ENOENT (No such file or directory)
open("x86_64/libpthread.so.0", O_RDONLY) = -1 ENOENT (No such file or directory)
open("libpthread.so.0", O_RDONLY)       = -1 ENOENT (No such file or directory)
open("/opt/pegasus/lib/tls/x86_64/libpthread.so.0", O_RDONLY) = -1 ENOENT (No such file or directory)
stat("/opt/pegasus/lib/tls/x86_64", 0x7fffffffd490) = -1 ENOENT (No such file or directory)
open("/opt/pegasus/lib/tls/libpthread.so.0", O_RDONLY) = -1 ENOENT (No such file or directory)
stat("/opt/pegasus/lib/tls", 0x7fffffffd490) = -1 ENOENT (No such file or directory)
open("/opt/pegasus/lib/x86_64/libpthread.so.0", O_RDONLY) = -1 ENOENT (No such file or directory)
stat("/opt/pegasus/lib/x86_64", 0x7fffffffd490) = -1 ENOENT (No such file or directory)
open("/opt/pegasus/lib/libpthread.so.0", O_RDONLY) = -1 ENOENT (No such file or directory)
stat("/opt/pegasus/lib", {st_mode=S_IFDIR|0755, st_size=4096, ...}) = 0
open("/etc/ld.so.cache", O_RDONLY)      = 3
fstat(3, {st_mode=S_IFREG|0644, st_size=205143, ...}) = 0
mmap(NULL, 205143, PROT_READ, MAP_PRIVATE, 3, 0) = 0x7ffff7fc7000
close(3)                                = 0
open("/lib64/libpthread.so.0", O_RDONLY) = 3
read(3, "\177ELF\2\1\1\0\0\0\0\0\0\0\0\0\3\0>\0\1\0\0\0\360]\0\0\0\0\0\0"..., 832) = 832
fstat(3, {st_mode=S_IFREG|0755, st_size=137539, ...}) = 0
mmap(NULL, 2212720, PROT_READ|PROT_EXEC, MAP_PRIVATE|MAP_DENYWRITE, 3, 0) = 0x7ffff7bc3000
fadvise64(3, 0, 2212720, POSIX_FADV_WILLNEED) = 0
mprotect(0x7ffff7bdb000, 2093056, PROT_NONE) = 0
mmap(0x7ffff7dda000, 8192, PROT_READ|PROT_WRITE, MAP_PRIVATE|MAP_FIXED|MAP_DENYWRITE, 3, 0x17000) = 0x7ffff7dda000
mmap(0x7ffff7ddc000, 13168, PROT_READ|PROT_WRITE, MAP_PRIVATE|MAP_FIXED|MAP_ANONYMOUS, -1, 0) = 0x7ffff7ddc000
close(3)                                = 0
open("/c4shares/auto/tools/lib/mysql/libstdc++.so.6", O_RDONLY) = -1 ENOENT (No such file or directory)
open("tls/x86_64/libstdc++.so.6", O_RDONLY) = -1 ENOENT (No such file or directory)
open("tls/libstdc++.so.6", O_RDONLY)    = -1 ENOENT (No such file or directory)
open("x86_64/libstdc++.so.6", O_RDONLY) = -1 ENOENT (No such file or directory)
open("libstdc++.so.6", O_RDONLY)        = -1 ENOENT (No such file or directory)
open("/opt/pegasus/lib/libstdc++.so.6", O_RDONLY) = -1 ENOENT (No such file or directory)
open("/usr/lib64/libstdc++.so.6", O_RDONLY) = 3
read(3, "\177ELF\2\1\1\0\0\0\0\0\0\0\0\0\3\0>\0\1\0\0\0\340j\5\0\0\0\0\0"..., 832) = 832
fstat(3, {st_mode=S_IFREG|0755, st_size=1019512, ...}) = 0
mmap(NULL, 4096, PROT_READ|PROT_WRITE, MAP_PRIVATE|MAP_ANONYMOUS, -1, 0) = 0x7ffff7fc6000
mmap(NULL, 3191480, PROT_READ|PROT_EXEC, MAP_PRIVATE|MAP_DENYWRITE, 3, 0) = 0x7ffff78b7000
fadvise64(3, 0, 3191480, POSIX_FADV_WILLNEED) = 0
mprotect(0x7ffff79a8000, 2093056, PROT_NONE) = 0
mmap(0x7ffff7ba7000, 36864, PROT_READ|PROT_WRITE, MAP_PRIVATE|MAP_FIXED|MAP_DENYWRITE, 3, 0xf0000) = 0x7ffff7ba7000
mmap(0x7ffff7bb0000, 74424, PROT_READ|PROT_WRITE, MAP_PRIVATE|MAP_FIXED|MAP_ANONYMOUS, -1, 0) = 0x7ffff7bb0000
close(3)                                = 0
open("/c4shares/auto/tools/lib/mysql/libm.so.6", O_RDONLY) = -1 ENOENT (No such file or directory)
open("tls/x86_64/libm.so.6", O_RDONLY)  = -1 ENOENT (No such file or directory)
open("tls/libm.so.6", O_RDONLY)         = -1 ENOENT (No such file or directory)
open("x86_64/libm.so.6", O_RDONLY)      = -1 ENOENT (No such file or directory)
open("libm.so.6", O_RDONLY)             = -1 ENOENT (No such file or directory)
open("/opt/pegasus/lib/libm.so.6", O_RDONLY) = -1 ENOENT (No such file or directory)
open("/lib64/libm.so.6", O_RDONLY)      = 3
read(3, "\177ELF\2\1\1\0\0\0\0\0\0\0\0\0\3\0>\0\1\0\0\0`>\0\0\0\0\0\0"..., 832) = 832
fstat(3, {st_mode=S_IFREG|0755, st_size=350648, ...}) = 0
mmap(NULL, 2445496, PROT_READ|PROT_EXEC, MAP_PRIVATE|MAP_DENYWRITE, 3, 0) = 0x7ffff7661000
fadvise64(3, 0, 2445496, POSIX_FADV_WILLNEED) = 0
mprotect(0x7ffff76b6000, 2093056, PROT_NONE) = 0
mmap(0x7ffff78b5000, 8192, PROT_READ|PROT_WRITE, MAP_PRIVATE|MAP_FIXED|MAP_DENYWRITE, 3, 0x54000) = 0x7ffff78b5000
close(3)                                = 0
open("/c4shares/auto/tools/lib/mysql/libgcc_s.so.1", O_RDONLY) = -1 ENOENT (No such file or directory)
open("tls/x86_64/libgcc_s.so.1", O_RDONLY) = -1 ENOENT (No such file or directory)
open("tls/libgcc_s.so.1", O_RDONLY)     = -1 ENOENT (No such file or directory)
open("x86_64/libgcc_s.so.1", O_RDONLY)  = -1 ENOENT (No such file or directory)
open("libgcc_s.so.1", O_RDONLY)         = -1 ENOENT (No such file or directory)
open("/opt/pegasus/lib/libgcc_s.so.1", O_RDONLY) = -1 ENOENT (No such file or directory)
open("/lib64/libgcc_s.so.1", O_RDONLY)  = 3
read(3, "\177ELF\2\1\1\0\0\0\0\0\0\0\0\0\3\0>\0\1\0\0\0\300,\0\0\0\0\0\0"..., 832) = 832
fstat(3, {st_mode=S_IFREG|0755, st_size=96744, ...}) = 0
mmap(NULL, 2192376, PROT_READ|PROT_EXEC, MAP_PRIVATE|MAP_DENYWRITE, 3, 0) = 0x7ffff7449000
fadvise64(3, 0, 2192376, POSIX_FADV_WILLNEED) = 0
mprotect(0x7ffff745f000, 2097152, PROT_NONE) = 0
mmap(0x7ffff765f000, 8192, PROT_READ|PROT_WRITE, MAP_PRIVATE|MAP_FIXED|MAP_DENYWRITE, 3, 0x16000) = 0x7ffff765f000
close(3)                                = 0
open("/c4shares/auto/tools/lib/mysql/libc.so.6", O_RDONLY) = -1 ENOENT (No such file or directory)
open("tls/x86_64/libc.so.6", O_RDONLY)  = -1 ENOENT (No such file or directory)
open("tls/libc.so.6", O_RDONLY)         = -1 ENOENT (No such file or directory)
open("x86_64/libc.so.6", O_RDONLY)      = -1 ENOENT (No such file or directory)
open("libc.so.6", O_RDONLY)             = -1 ENOENT (No such file or directory)
open("/opt/pegasus/lib/libc.so.6", O_RDONLY) = -1 ENOENT (No such file or directory)
open("/lib64/libc.so.6", O_RDONLY)      = 3
read(3, "\177ELF\2\1\1\0\0\0\0\0\0\0\0\0\3\0>\0\1\0\0\0\240\346\1\0\0\0\0\0"..., 832) = 832
fstat(3, {st_mode=S_IFREG|0755, st_size=1400360, ...}) = 0
mmap(NULL, 4096, PROT_READ|PROT_WRITE, MAP_PRIVATE|MAP_ANONYMOUS, -1, 0) = 0x7ffff7fc5000
mmap(NULL, 3506872, PROT_READ|PROT_EXEC, MAP_PRIVATE|MAP_DENYWRITE, 3, 0) = 0x7ffff70f0000
fadvise64(3, 0, 3506872, POSIX_FADV_WILLNEED) = 0
mprotect(0x7ffff723f000, 2097152, PROT_NONE) = 0
mmap(0x7ffff743f000, 20480, PROT_READ|PROT_WRITE, MAP_PRIVATE|MAP_FIXED|MAP_DENYWRITE, 3, 0x14f000) = 0x7ffff743f000
mmap(0x7ffff7444000, 17080, PROT_READ|PROT_WRITE, MAP_PRIVATE|MAP_FIXED|MAP_ANONYMOUS, -1, 0) = 0x7ffff7444000
close(3)                                = 0
mmap(NULL, 4096, PROT_READ|PROT_WRITE, MAP_PRIVATE|MAP_ANONYMOUS, -1, 0) = 0x7ffff7fc4000
mmap(NULL, 4096, PROT_READ|PROT_WRITE, MAP_PRIVATE|MAP_ANONYMOUS, -1, 0) = 0x7ffff7fc3000
arch_prctl(ARCH_SET_FS, 0x7ffff7fc3700) = 0
open("/dev/urandom", O_RDONLY)          = 3
read(3, "\177C\t\274\321Q\260\257", 8)  = 8
close(3)                                = 0
mprotect(0x7ffff743f000, 16384, PROT_READ) = 0
mprotect(0x7ffff765f000, 4096, PROT_READ) = 0
mprotect(0x7ffff78b5000, 4096, PROT_READ) = 0
mprotect(0x7ffff7ba7000, 28672, PROT_READ) = 0
mprotect(0x7ffff7dda000, 4096, PROT_READ) = 0
mprotect(0x600000, 4096, PROT_READ)     = 0
mprotect(0x7ffff7ffd000, 4096, PROT_READ) = 0
munmap(0x7ffff7fc7000, 205143)          = 0
set_tid_address(0x7ffff7fc3790)         = 27605
set_robust_list(0x7ffff7fc37a0, 0x18)   = 0
futex(0x7fffffffdd3c, FUTEX_WAKE_PRIVATE, 1) = 0
rt_sigaction(SIGRTMIN, {0x7ffff7bc8c80, [], SA_RESTORER|SA_SIGINFO, 0x7ffff7bd29a0}, NULL, 8) = 0
rt_sigaction(SIGRT_1, {0x7ffff7bc8d10, [], SA_RESTORER|SA_RESTART|SA_SIGINFO, 0x7ffff7bd29a0}, NULL, 8) = 0
rt_sigprocmask(SIG_UNBLOCK, [RTMIN RT_1], NULL, 8) = 0
getrlimit(RLIMIT_STACK, {rlim_cur=8192*1024, rlim_max=RLIM_INFINITY}) = 0
futex(0x7ffff7bb0a68, FUTEX_WAKE_PRIVATE, 2147483647) = 0
fstat(1, {st_mode=S_IFCHR|0620, st_rdev=makedev(136, 3), ...}) = 0
mmap(NULL, 4096, PROT_READ|PROT_WRITE, MAP_PRIVATE|MAP_ANONYMOUS, -1, 0) = 0x7ffff7ff9000
write(1, "ffffde18\n", 9)               = 9
write(1, "ffffde28\n", 9)               = 9
write(1, "2\n", 2)                      = 2
exit_group(0)                           = ?
